[INFO  Wed 15 Oct 2025 09:03:19 AM IDT] ...zy/mason.nvim/lua/mason-core/installer/InstallRunner.lua:40: Executing installer for Package(name=bash-language-server) {
  debug = false,
  force = false,
  strict = false
}
[INFO  Wed 15 Oct 2025 09:03:19 AM IDT] ...zy/mason.nvim/lua/mason-core/installer/InstallRunner.lua:40: Executing installer for Package(name=css-lsp) {
  debug = false,
  force = false,
  strict = false
}
[INFO  Wed 15 Oct 2025 09:03:19 AM IDT] ...zy/mason.nvim/lua/mason-core/installer/InstallRunner.lua:40: Executing installer for Package(name=html-lsp) {
  debug = false,
  force = false,
  strict = false
}
[INFO  Wed 15 Oct 2025 09:03:19 AM IDT] ...zy/mason.nvim/lua/mason-core/installer/InstallRunner.lua:40: Executing installer for Package(name=lua-language-server) {
  debug = false,
  force = false,
  strict = false
}
[INFO  Wed 15 Oct 2025 09:03:19 AM IDT] ...zy/mason.nvim/lua/mason-core/installer/InstallRunner.lua:40: Executing installer for Package(name=pyright) {
  debug = false,
  force = false,
  strict = false
}
[INFO  Wed 15 Oct 2025 09:03:19 AM IDT] ...zy/mason.nvim/lua/mason-core/installer/InstallRunner.lua:40: Executing installer for Package(name=python-lsp-server) {
  debug = false,
  force = false,
  strict = false
}
[INFO  Wed 15 Oct 2025 09:03:19 AM IDT] ...zy/mason.nvim/lua/mason-core/installer/InstallRunner.lua:40: Executing installer for Package(name=qmlls) {
  debug = false,
  force = false,
  strict = false
}
[INFO  Wed 15 Oct 2025 09:03:19 AM IDT] ...zy/mason.nvim/lua/mason-core/installer/InstallRunner.lua:40: Executing installer for Package(name=stylua) {
  debug = false,
  force = false,
  strict = false
}
[INFO  Wed 15 Oct 2025 09:03:19 AM IDT] ...zy/mason.nvim/lua/mason-core/installer/InstallRunner.lua:40: Executing installer for Package(name=typescript-language-server) {
  debug = false,
  force = false,
  strict = false
}
[INFO  Wed 15 Oct 2025 09:03:21 AM IDT] ...zy/mason.nvim/lua/mason-core/installer/InstallRunner.lua:86: Installation succeeded for Package(name=lua-language-server)
[INFO  Wed 15 Oct 2025 09:03:23 AM IDT] ...zy/mason.nvim/lua/mason-core/installer/InstallRunner.lua:86: Installation succeeded for Package(name=pyright)
[INFO  Wed 15 Oct 2025 09:03:24 AM IDT] ...zy/mason.nvim/lua/mason-core/installer/InstallRunner.lua:86: Installation succeeded for Package(name=css-lsp)
[INFO  Wed 15 Oct 2025 09:03:24 AM IDT] ...zy/mason.nvim/lua/mason-core/installer/InstallRunner.lua:86: Installation succeeded for Package(name=html-lsp)
[INFO  Wed 15 Oct 2025 09:03:24 AM IDT] ...zy/mason.nvim/lua/mason-core/installer/InstallRunner.lua:86: Installation succeeded for Package(name=bash-language-server)
[INFO  Wed 15 Oct 2025 09:03:25 AM IDT] ...zy/mason.nvim/lua/mason-core/installer/InstallRunner.lua:86: Installation succeeded for Package(name=stylua)
[INFO  Wed 15 Oct 2025 09:03:25 AM IDT] ...zy/mason.nvim/lua/mason-core/installer/InstallRunner.lua:86: Installation succeeded for Package(name=qmlls)
[INFO  Wed 15 Oct 2025 09:03:27 AM IDT] ...zy/mason.nvim/lua/mason-core/installer/InstallRunner.lua:86: Installation succeeded for Package(name=typescript-language-server)
[INFO  Wed 15 Oct 2025 09:03:38 AM IDT] ...zy/mason.nvim/lua/mason-core/installer/InstallRunner.lua:86: Installation succeeded for Package(name=python-lsp-server)
