
2024/04/12 (11:54:32) | ===> btop++ v.1.2.3
2024/04/12 (11:54:32) | ERROR: No UTF-8 locale detected!
Use --utf-force argument to force start if you're sure your terminal can handle it.

2024/04/12 (11:54:51) | ===> btop++ v.1.2.3
2024/04/12 (11:54:51) | ERROR: No UTF-8 locale detected!
Use --utf-force argument to force start if you're sure your terminal can handle it.

2024/04/12 (11:57:54) | ===> btop++ v.1.2.3
2024/04/12 (11:57:54) | ERROR: No UTF-8 locale detected!
Use --utf-force argument to force start if you're sure your terminal can handle it.

2024/04/12 (11:57:56) | ===> btop++ v.1.2.3
2024/04/12 (11:57:56) | ERROR: No UTF-8 locale detected!
Use --utf-force argument to force start if you're sure your terminal can handle it.

2024/04/12 (11:58:14) | ===> btop++ v.1.2.3
2024/04/12 (11:58:14) | ERROR: No UTF-8 locale detected!
Use --utf-force argument to force start if you're sure your terminal can handle it.

2024/04/12 (11:58:14) | ===> btop++ v.1.2.3
2024/04/12 (11:58:14) | ERROR: No UTF-8 locale detected!
Use --utf-force argument to force start if you're sure your terminal can handle it.

2024/04/12 (11:58:14) | ===> btop++ v.1.2.3
2024/04/12 (11:58:14) | ERROR: No UTF-8 locale detected!
Use --utf-force argument to force start if you're sure your terminal can handle it.

2024/04/12 (11:58:15) | ===> btop++ v.1.2.3
2024/04/12 (11:58:15) | ERROR: No UTF-8 locale detected!
Use --utf-force argument to force start if you're sure your terminal can handle it.

2024/04/12 (11:58:31) | ===> btop++ v.1.2.3
2024/04/12 (11:58:31) | ERROR: No UTF-8 locale detected!
Use --utf-force argument to force start if you're sure your terminal can handle it.

2024/04/12 (11:58:41) | ===> btop++ v.1.2.3
2024/04/12 (11:58:41) | WARNING: No UTF-8 locale detected! Forcing start with --utf-force argument.

2024/04/13 (09:03:48) | ===> btop++ v.1.2.3
2024/04/13 (09:03:48) | ERROR: No UTF-8 locale detected!
Use --utf-force argument to force start if you're sure your terminal can handle it.

2024/04/13 (09:03:54) | ===> btop++ v.1.2.3
2024/04/13 (09:03:54) | WARNING: No UTF-8 locale detected! Forcing start with --utf-force argument.

2024/04/14 (12:00:23) | ===> btop++ v.1.2.3
2024/04/14 (12:00:23) | ERROR: No UTF-8 locale detected!
Use --utf-force argument to force start if you're sure your terminal can handle it.

2024/04/14 (12:00:27) | ===> btop++ v.1.2.3
2024/04/14 (12:00:27) | WARNING: No UTF-8 locale detected! Forcing start with --utf-force argument.

2024/04/22 (18:18:33) | ===> btop++ v.1.2.3
2024/04/22 (18:18:33) | ERROR: No UTF-8 locale detected!
Use --utf-force argument to force start if you're sure your terminal can handle it.

2024/04/22 (18:18:38) | ===> btop++ v.1.2.3
2024/04/22 (18:18:38) | WARNING: No UTF-8 locale detected! Forcing start with --utf-force argument.

2024/04/23 (07:41:28) | ===> btop++ v.1.2.3
2024/04/23 (07:41:28) | ERROR: No UTF-8 locale detected!
Use --utf-force argument to force start if you're sure your terminal can handle it.

2024/04/23 (07:42:23) | ===> btop++ v.1.2.3
2024/04/23 (07:42:23) | WARNING: No UTF-8 locale detected! Forcing start with --utf-force argument.

2024/04/23 (07:42:34) | ===> btop++ v.1.2.3
2024/04/23 (07:42:34) | WARNING: No UTF-8 locale detected! Forcing start with --utf-force argument.

2024/04/23 (08:16:47) | ===> btop++ v.1.2.3
2024/04/23 (08:16:47) | ERROR: No UTF-8 locale detected!
Use --utf-force argument to force start if you're sure your terminal can handle it.

2024/04/23 (08:35:54) | ===> btop++ v.1.2.3
2024/04/23 (08:35:54) | ERROR: No UTF-8 locale detected!
Use --utf-force argument to force start if you're sure your terminal can handle it.

2024/04/23 (08:36:03) | ===> btop++ v.1.2.3
2024/04/23 (08:36:03) | ERROR: No UTF-8 locale detected!
Use --utf-force argument to force start if you're sure your terminal can handle it.

2024/04/23 (08:36:05) | ===> btop++ v.1.2.3
2024/04/23 (08:36:05) | ERROR: No UTF-8 locale detected!
Use --utf-force argument to force start if you're sure your terminal can handle it.

2024/04/23 (08:36:11) | ===> btop++ v.1.2.3
2024/04/23 (08:36:11) | ERROR: No UTF-8 locale detected!
Use --utf-force argument to force start if you're sure your terminal can handle it.

2024/04/23 (08:36:22) | ===> btop++ v.1.2.3
2024/04/23 (08:36:22) | ERROR: No UTF-8 locale detected!
Use --utf-force argument to force start if you're sure your terminal can handle it.

2024/04/23 (08:36:46) | ===> btop++ v.1.2.3
2024/04/23 (08:36:46) | ERROR: No UTF-8 locale detected!
Use --utf-force argument to force start if you're sure your terminal can handle it.

2024/04/23 (08:36:56) | ===> btop++ v.1.2.3
2024/04/23 (08:36:56) | ERROR: No UTF-8 locale detected!
Use --utf-force argument to force start if you're sure your terminal can handle it.

2024/04/23 (08:37:22) | ===> btop++ v.1.2.3
2024/04/23 (08:37:22) | ERROR: No UTF-8 locale detected!
Use --utf-force argument to force start if you're sure your terminal can handle it.

2024/04/23 (08:37:25) | ===> btop++ v.1.2.3
2024/04/23 (08:37:25) | ERROR: No UTF-8 locale detected!
Use --utf-force argument to force start if you're sure your terminal can handle it.

2024/04/23 (08:38:22) | ===> btop++ v.1.2.3
2024/04/23 (08:38:22) | WARNING: No UTF-8 locale detected! Forcing start with --utf-force argument.

2024/04/23 (09:01:17) | ===> btop++ v.1.2.3
2024/04/23 (09:01:17) | WARNING: No UTF-8 locale detected! Forcing start with --utf-force argument.

2024/04/23 (09:02:40) | ===> btop++ v.1.2.3
2024/04/23 (09:02:40) | WARNING: No UTF-8 locale detected! Forcing start with --utf-force argument.

2024/04/26 (10:53:54) | ===> btop++ v.1.2.3
2024/04/26 (10:53:54) | WARNING: No UTF-8 locale detected! Forcing start with --utf-force argument.

2024/05/20 (08:18:37) | ===> btop++ v.1.2.3
2024/05/20 (08:18:37) | WARNING: No UTF-8 locale detected! Forcing start with --utf-force argument.

2024/06/11 (21:26:41) | ===> btop++ v.1.2.3
2024/06/11 (21:26:41) | WARNING: No UTF-8 locale detected! Forcing start with --utf-force argument.

2024/07/10 (22:12:06) | ===> btop++ v.1.2.3
2024/07/10 (22:12:06) | WARNING: No UTF-8 locale detected! Forcing start with --utf-force argument.

2024/07/16 (08:27:16) | ===> btop++ v.1.2.3
2024/07/16 (08:27:16) | WARNING: No UTF-8 locale detected! Forcing start with --utf-force argument.

2024/07/25 (22:13:11) | ===> btop++ v.1.2.3
2024/07/25 (22:13:11) | WARNING: No UTF-8 locale detected! Forcing start with --utf-force argument.

2024/07/31 (17:30:12) | ===> btop++ v.1.2.3
2024/07/31 (17:30:12) | WARNING: No UTF-8 locale detected! Forcing start with --utf-force argument.

2024/08/04 (16:19:10) | ===> btop++ v.1.2.3
2024/08/04 (16:19:10) | WARNING: No UTF-8 locale detected! Forcing start with --utf-force argument.

2024/09/02 (09:19:05) | ===> btop++ v.1.2.3
2024/09/02 (09:19:05) | WARNING: No UTF-8 locale detected! Forcing start with --utf-force argument.

2024/09/02 (09:19:08) | ===> btop++ v.1.2.3
2024/09/02 (09:19:08) | WARNING: No UTF-8 locale detected! Forcing start with --utf-force argument.

2024/09/02 (16:27:43) | ===> btop++ v.1.2.3
2024/09/02 (16:27:43) | WARNING: No UTF-8 locale detected! Forcing start with --utf-force argument.

2024/09/06 (17:07:15) | ===> btop++ v.1.2.3
2024/09/06 (17:07:15) | WARNING: No UTF-8 locale detected! Forcing start with --utf-force argument.

2024/09/06 (17:08:17) | ===> btop++ v.1.2.3
2024/09/06 (17:08:17) | WARNING: No UTF-8 locale detected! Forcing start with --utf-force argument.

2024/09/06 (17:42:13) | ===> btop++ v.1.2.3
2024/09/06 (17:42:13) | WARNING: No UTF-8 locale detected! Forcing start with --utf-force argument.

2024/09/17 (15:38:21) | ===> btop++ v.1.2.3
2024/09/17 (15:38:21) | WARNING: No UTF-8 locale detected! Forcing start with --utf-force argument.

2024/10/02 (14:23:56) | ===> btop++ v.1.2.3
2024/10/02 (14:23:56) | WARNING: No UTF-8 locale detected! Forcing start with --utf-force argument.

2024/10/05 (00:22:04) | ===> btop++ v.1.2.3
2024/10/05 (00:22:04) | ERROR: No UTF-8 locale detected!
Use --utf-force argument to force start if you're sure your terminal can handle it.

2024/10/10 (13:09:22) | ===> btop++ v.1.2.3
2024/10/10 (13:09:22) | WARNING: No UTF-8 locale detected! Forcing start with --utf-force argument.

2024/10/15 (22:01:25) | ===> btop++ v.1.3.0
2024/10/15 (22:01:25) | ERROR: No UTF-8 locale detected!
Use --utf-force argument to force start if you're sure your terminal can handle it.

2024/10/15 (22:01:30) | ===> btop++ v.1.3.0
2024/10/15 (22:01:30) | ERROR: No UTF-8 locale detected!
Use --utf-force argument to force start if you're sure your terminal can handle it.

2024/10/18 (17:23:31) | ===> btop++ v.1.3.0
2024/10/18 (17:23:31) | WARNING: No UTF-8 locale detected! Forcing start with --utf-force argument.

2024/10/19 (21:28:57) | ===> btop++ v.1.3.0
2024/10/19 (21:28:57) | WARNING: No UTF-8 locale detected! Forcing start with --utf-force argument.

2024/10/19 (21:32:13) | ===> btop++ v.1.3.0
2024/10/19 (21:32:13) | WARNING: No UTF-8 locale detected! Forcing start with --utf-force argument.

2024/10/19 (21:34:02) | ===> btop++ v.1.3.0
2024/10/19 (21:34:02) | WARNING: No UTF-8 locale detected! Forcing start with --utf-force argument.

2024/10/19 (21:35:55) | ===> btop++ v.1.3.0
2024/10/19 (21:35:55) | ERROR: No UTF-8 locale detected!
Use --utf-force argument to force start if you're sure your terminal can handle it.

2024/10/19 (21:39:04) | ===> btop++ v.1.3.0
2024/10/19 (21:39:04) | ERROR: No UTF-8 locale detected!
Use --utf-force argument to force start if you're sure your terminal can handle it.

2024/10/19 (21:40:15) | ===> btop++ v.1.3.0
2024/10/19 (21:40:15) | ERROR: No UTF-8 locale detected!
Use --utf-force argument to force start if you're sure your terminal can handle it.

2024/10/19 (21:40:25) | ===> btop++ v.1.3.0
2024/10/19 (21:40:25) | WARNING: No UTF-8 locale detected! Forcing start with --utf-force argument.

2024/10/19 (21:40:31) | ===> btop++ v.1.3.0
2024/10/19 (21:40:31) | ERROR: No UTF-8 locale detected!
Use --utf-force argument to force start if you're sure your terminal can handle it.

2024/10/19 (21:41:47) | ===> btop++ v.1.3.0
2024/10/19 (21:41:47) | ERROR: No UTF-8 locale detected!
Use --utf-force argument to force start if you're sure your terminal can handle it.

2024/10/19 (21:42:35) | ===> btop++ v.1.3.0
2024/10/19 (21:42:35) | ERROR: No UTF-8 locale detected!
Use --utf-force argument to force start if you're sure your terminal can handle it.

2024/10/19 (21:42:59) | ===> btop++ v.1.3.0
2024/10/19 (21:42:59) | ERROR: No UTF-8 locale detected!
Use --utf-force argument to force start if you're sure your terminal can handle it.

2024/10/19 (21:43:49) | ===> btop++ v.1.3.0
2024/10/19 (21:43:49) | ERROR: No UTF-8 locale detected!
Use --utf-force argument to force start if you're sure your terminal can handle it.

2024/10/22 (21:15:53) | ===> btop++ v.1.3.0
2024/10/22 (21:15:53) | WARNING: No UTF-8 locale detected! Forcing start with --utf-force argument.

2024/12/17 (23:49:42) | ===> btop++ v.1.4.0
2024/12/17 (23:49:42) | ERROR: Stall in Runner thread, restarting!

2025/01/04 (19:11:18) | ===> btop++ v.1.4.0
2025/01/04 (19:11:18) | ERROR: Stall in Runner thread, restarting!
2025/01/04 (19:11:24) | ERROR: Stall in Runner thread, restarting!
2025/01/04 (19:11:29) | ERROR: Stall in Runner thread, restarting!
2025/01/04 (19:11:35) | ERROR: Stall in Runner thread, restarting!
2025/01/04 (19:11:40) | ERROR: Stall in Runner thread, restarting!
2025/01/04 (19:11:46) | ERROR: Stall in Runner thread, restarting!
2025/01/04 (19:11:51) | ERROR: Stall in Runner thread, restarting!
2025/01/04 (19:11:57) | ERROR: Stall in Runner thread, restarting!
2025/01/04 (19:12:02) | ERROR: Stall in Runner thread, restarting!
2025/01/04 (19:12:08) | ERROR: Stall in Runner thread, restarting!
2025/01/04 (19:12:13) | ERROR: Stall in Runner thread, restarting!
2025/01/04 (19:12:19) | ERROR: Stall in Runner thread, restarting!
2025/01/04 (19:12:24) | ERROR: Stall in Runner thread, restarting!
2025/01/04 (19:12:30) | ERROR: Stall in Runner thread, restarting!

2025/01/06 (15:15:13) | ===> btop++ v.1.4.0
2025/01/06 (15:15:13) | ERROR: No tty detected!
btop++ needs an interactive shell to run.

2025/03/16 (21:25:32) | ===> btop++ v.1.4.0
2025/03/16 (21:25:32) | ERROR: Couldn't determine